[    0.000000] Linux version 4.15.0-194-generic (buildd@lcy02-amd64-052) (gcc version 7.5.0 (Ubuntu 7.5.0-3ubuntu1~18.04)) #205-Ubuntu SMP Fri Sep 16 19:49:27 UTC 2022 (Ubuntu 4.15.0-194.205-generic 4.15.18)
[    0.000000] Command line: BOOT_IMAGE=/boot/vmlinuz-4.15.0-194-generic root=LABEL=cloudimg-rootfs ro console=tty1 console=ttyS0
[    0.000000] KERNEL supported cpus:
[    0.000000]   Intel GenuineIntel
[    0.000000]   AMD AuthenticAMD
[    0.000000]   Centaur CentaurHauls
[    0.000000] x86/fpu: Supporting XSAVE feature 0x001: 'x87 floating point registers'
[    0.000000] x86/fpu: Supporting XSAVE feature 0x002: 'SSE registers'
[    0.000000] x86/fpu: Supporting XSAVE feature 0x004: 'AVX registers'
[    0.000000] x86/fpu: xstate_offset[2]:  576, xstate_sizes[2]:  256
[    0.000000] x86/fpu: Enabled xstate features 0x7, context size is 832 bytes, using 'standard' format.
[    0.000000] e820: BIOS-provided physical RAM map:
[    0.000000] BIOS-e820: [mem 0x0000000000000000-0x000000000009fbff] usable
[    0.000000] BIOS-e820: [mem 0x000000000009fc00-0x000000000009ffff] reserved
[    0.000000] BIOS-e820: [mem 0x00000000000f0000-0x00000000000fffff] reserved
[    0.000000] BIOS-e820: [mem 0x0000000000100000-0x000000003ffeffff] usable
[    0.000000] BIOS-e820: [mem 0x000000003fff0000-0x000000003fffffff] ACPI data
[    0.000000] BIOS-e820: [mem 0x00000000fec00000-0x00000000fec00fff] reserved
[    0.000000] BIOS-e820: [mem 0x00000000fee00000-0x00000000fee00fff] reserved
[    0.000000] BIOS-e820: [mem 0x00000000fffc0000-0x00000000ffffffff] reserved
[    0.000000] NX (Execute Disable) protection: active
[    0.000000] SMBIOS 2.5 present.
[    0.000000] DMI: innotek GmbH VirtualBox/VirtualBox, BIOS VirtualBox 12/01/2006
[    0.000000] Hypervisor detected: KVM
[    0.000000] e820: last_pfn = 0x3fff0 max_arch_pfn = 0x400000000
[    0.000000] MTRR: Disabled
[    0.000000] x86/PAT: MTRRs disabled, skipping PAT initialization too.
[    0.000000] CPU MTRRs all blank - virtualized system.
[    0.000000] x86/PAT: Configuration [0-7]: WB  WT  UC- UC  WB  WT  UC- UC  
[    0.000000] found SMP MP-table at [mem 0x0009fff0-0x0009ffff]
[    0.000000] Scanning 1 areas for low memory corruption
[    0.000000] RAMDISK: [mem 0x359cb000-0x36cdcfff]
[    0.000000] ACPI: Early table checksum verification disabled
[    0.000000] ACPI: RSDP 0x00000000000E0000 000024 (v02 VBOX  )
[    0.000000] ACPI: XSDT 0x000000003FFF0030 00003C (v01 VBOX   VBOXXSDT 00000001 ASL  00000061)
[    0.000000] ACPI: FACP 0x000000003FFF00F0 0000F4 (v04 VBOX   VBOXFACP 00000001 ASL  00000061)
[    0.000000] ACPI: DSDT 0x000000003FFF0470 002325 (v02 VBOX   VBOXBIOS 00000002 INTL 20120111)
[    0.000000] ACPI: FACS 0x000000003FFF0200 000040
[    0.000000] ACPI: FACS 0x000000003FFF0200 000040
[    0.000000] ACPI: APIC 0x000000003FFF0240 00005C (v02 VBOX   VBOXAPIC 00000001 ASL  00000061)
[    0.000000] ACPI: SSDT 0x000000003FFF02A0 0001CC (v01 VBOX   VBOXCPUT 00000002 INTL 20120111)
[    0.000000] ACPI: Reserving FACP table memory at [mem 0x3fff00f0-0x3fff01e3]
[    0.000000] ACPI: Reserving DSDT table memory at [mem 0x3fff0470-0x3fff2794]
[    0.000000] ACPI: Reserving FACS table memory at [mem 0x3fff0200-0x3fff023f]
[    0.000000] ACPI: Reserving FACS table memory at [mem 0x3fff0200-0x3fff023f]
[    0.000000] ACPI: Reserving APIC table memory at [mem 0x3fff0240-0x3fff029b]
[    0.000000] ACPI: Reserving SSDT table memory at [mem 0x3fff02a0-0x3fff046b]
[    0.000000] No NUMA configuration found
[    0.000000] Faking a node at [mem 0x0000000000000000-0x000000003ffeffff]
[    0.000000] NODE_DATA(0) allocated [mem 0x3ffc5000-0x3ffeffff]
[    0.000000] kvm-clock: cpu 0, msr 0:3ff44001, primary cpu clock
[    0.000000] kvm-clock: Using msrs 4b564d01 and 4b564d00
[    0.000000] kvm-clock: using sched offset of 4064164816 cycles
[    0.000000] clocksource: kvm-clock: mask: 0xffffffffffffffff max_cycles: 0x1cd42e4dffb, max_idle_ns: 881590591483 ns
[    0.000000] Zone ranges:
[    0.000000]   DMA      [mem 0x0000000000001000-0x0000000000ffffff]
[    0.000000]   DMA32    [mem 0x0000000001000000-0x000000003ffeffff]
[    0.000000]   Normal   empty
[    0.000000]   Device   empty
[    0.000000] Movable zone start for each node
[    0.000000] Early memory node ranges
[    0.000000]   node   0: [mem 0x0000000000001000-0x000000000009efff]
[    0.000000]   node   0: [mem 0x0000000000100000-0x000000003ffeffff]
[    0.000000] Reserved but unavailable: 104 pages
[    0.000000] Initmem setup node 0 [mem 0x0000000000001000-0x000000003ffeffff]
[    0.000000] ACPI: PM-Timer IO Port: 0x4008
[    0.000000] IOAPIC[0]: apic_id 2, version 32, address 0xfec00000, GSI 0-23
[    0.000000] ACPI: INT_SRC_OVR (bus 0 bus_irq 0 global_irq 2 dfl dfl)
[    0.000000] ACPI: INT_SRC_OVR (bus 0 bus_irq 9 global_irq 9 low level)
[    0.000000] Using ACPI (MADT) for SMP configuration information
[    0.000000] smpboot: Allowing 2 CPUs, 0 hotplug CPUs
[    0.000000] PM: Registered nosave memory: [mem 0x00000000-0x00000fff]
[    0.000000] PM: Registered nosave memory: [mem 0x0009f000-0x0009ffff]
[    0.000000] PM: Registered nosave memory: [mem 0x000a0000-0x000effff]
[    0.000000] PM: Registered nosave memory: [mem 0x000f0000-0x000fffff]
[    0.000000] e820: [mem 0x40000000-0xfebfffff] available for PCI devices
[    0.000000] Booting paravirtualized kernel on KVM
[    0.000000] clocksource: refined-jiffies: mask: 0xffffffff max_cycles: 0xffffffff, max_idle_ns: 7645519600211568 ns
[    0.000000] setup_percpu: NR_CPUS:8192 nr_cpumask_bits:2 nr_cpu_ids:2 nr_node_ids:1
[    0.000000] percpu: Embedded 50 pages/cpu s167936 r8192 d28672 u1048576
[    0.000000] PV qspinlock hash table entries: 256 (order: 0, 4096 bytes)
[    0.000000] Built 1 zonelists, mobility grouping on.  Total pages: 257913
[    0.000000] Policy zone: DMA32
[    0.000000] Kernel command line: BOOT_IMAGE=/boot/vmlinuz-4.15.0-194-generic root=LABEL=cloudimg-rootfs ro console=tty1 console=ttyS0
[    0.000000] Memory: 982652K/1048120K available (12300K kernel code, 2477K rwdata, 4320K rodata, 2472K init, 2720K bss, 65468K reserved, 0K cma-reserved)
[    0.000000] SLUB: HWalign=64, Order=0-3, MinObjects=0, CPUs=2, Nodes=1
[    0.000000] Kernel/User page tables isolation: enabled
[    0.000000] ftrace: allocating 39477 entries in 155 pages
[    0.004000] Hierarchical RCU implementation.
[    0.004000] 	RCU restricting CPUs from NR_CPUS=8192 to nr_cpu_ids=2.
[    0.004000] 	Tasks RCU enabled.
[    0.004000] RCU: Adjusting geometry for rcu_fanout_leaf=16, nr_cpu_ids=2
[    0.004000] NR_IRQS: 524544, nr_irqs: 440, preallocated irqs: 16
[    0.004000] random: crng init done
[    0.004000] Console: colour VGA+ 80x25
[    0.004000] console [tty1] enabled
[    0.004000] console [ttyS0] enabled
[    0.004000] ACPI: Core revision 20170831
[    0.004000] ACPI: 2 ACPI AML tables successfully acquired and loaded
[    0.004000] APIC: Switch to symmetric I/O mode setup
[    0.004000] x2apic enabled
[    0.004000] Switched APIC routing to physical x2apic.
[    0.004000] ..TIMER: vector=0x30 apic1=0 pin1=2 apic2=-1 pin2=-1
[    0.004005] tsc: Detected 1391.999 MHz processor
[    0.004877] Calibrating delay loop (skipped) preset value.. 2783.99 BogoMIPS (lpj=5567996)
[    0.008002] pid_max: default: 32768 minimum: 301
[    0.008895] Security Framework initialized
[    0.010027] Yama: becoming mindful.
[    0.011020] AppArmor: AppArmor initialized
[    0.013262] Dentry cache hash table entries: 131072 (order: 8, 1048576 bytes)
[    0.014851] Inode-cache hash table entries: 65536 (order: 7, 524288 bytes)
[    0.016016] Mount-cache hash table entries: 2048 (order: 2, 16384 bytes)
[    0.017244] Mountpoint-cache hash table entries: 2048 (order: 2, 16384 bytes)
[    0.018783] Last level iTLB entries: 4KB 64, 2MB 8, 4MB 8
[    0.020001] Last level dTLB entries: 4KB 64, 2MB 0, 4MB 0, 1GB 4
[    0.021104] Spectre V1 : Mitigation: usercopy/swapgs barriers and __user pointer sanitization
[    0.022689] Spectre V2 : Mitigation: Retpolines
[    0.024001] Spectre V2 : Spectre v2 / SpectreRSB mitigation: Filling RSB on context switch
[    0.025843] Speculative Store Bypass: Vulnerable
[    0.027374] MDS: Mitigation: Clear CPU buffers
[    0.028006] MMIO Stale Data: Mitigation: Clear CPU buffers
[    0.029684] SRBDS: Unknown: Dependent on hypervisor status
[    0.032214] Freeing SMP alternatives memory: 36K
[    0.144073] smpboot: CPU0: Intel(R) Core(TM) i5-8257U CPU @ 1.40GHz (family: 0x6, model: 0x8e, stepping: 0xa)
[    0.146737] Performance Events: unsupported p6 CPU model 142 no PMU driver, software events only.
[    0.148034] Hierarchical SRCU implementation.
[    0.149342] NMI watchdog: Perf event create on CPU 0 failed with -2
[    0.150496] NMI watchdog: Perf NMI watchdog permanently disabled
[    0.151629] smp: Bringing up secondary CPUs ...
[    0.152063] x86: Booting SMP configuration:
[    0.152864] .... node  #0, CPUs:      #1
[    0.004000] kvm-clock: cpu 1, msr 0:3ff44041, secondary cpu clock
[    0.156016] smp: Brought up 1 node, 2 CPUs
[    0.156808] smpboot: Max logical packages: 1
[    0.157640] smpboot: Total of 2 processors activated (5567.99 BogoMIPS)
[    0.160117] devtmpfs: initialized
[    0.160880] x86/mm: Memory block size: 128MB
[    0.162023] evm: security.selinux
[    0.164004] evm: security.SMACK64
[    0.164635] evm: security.SMACK64EXEC
[    0.165321] evm: security.SMACK64TRANSMUTE
[    0.166220] evm: security.SMACK64MMAP
[    0.166918] evm: security.apparmor
[    0.168002] evm: security.ima
[    0.168858] evm: security.capability
[    0.169591] clocksource: jiffies: mask: 0xffffffff max_cycles: 0xffffffff, max_idle_ns: 7645041785100000 ns
[    0.169870] futex hash table entries: 512 (order: 3, 32768 bytes)
[    0.172130] pinctrl core: initialized pinctrl subsystem
[    0.174602] RTC time: 21:36:35, date: 10/11/22
[    0.176210] NET: Registered protocol family 16
[    0.177745] audit: initializing netlink subsys (disabled)
[    0.180068] audit: type=2000 audit(1665524201.100:1): state=initialized audit_enabled=0 res=1
[    0.180170] cpuidle: using governor ladder
[    0.180924] cpuidle: using governor menu
[    0.184067] ACPI: bus type PCI registered
[    0.185365] acpiphp: ACPI Hot Plug PCI Controller Driver version: 0.5
[    0.188137] PCI: Using configuration type 1 for base access
[    0.189682] HugeTLB registered 2.00 MiB page size, pre-allocated 0 pages
[    0.192061] ACPI: Added _OSI(Module Device)
[    0.193084] ACPI: Added _OSI(Processor Device)
[    0.194023] ACPI: Added _OSI(3.0 _SCP Extensions)
[    0.196003] ACPI: Added _OSI(Processor Aggregator Device)
[    0.197003] ACPI: Added _OSI(Linux-Dell-Video)
[    0.197857] ACPI: Added _OSI(Linux-Lenovo-NV-HDMI-Audio)
[    0.198871] ACPI: Added _OSI(Linux-HPI-Hybrid-Graphics)
[    0.200376] ACPI: Executed 1 blocks of module-level executable AML code
[    0.204674] ACPI: Interpreter enabled
[    0.205404] ACPI: (supports S0 S5)
[    0.206068] ACPI: Using IOAPIC for interrupt routing
[    0.207185] PCI: Using host bridge windows from ACPI; if necessary, use "pci=nocrs" and report a bug
[    0.208188] ACPI: Enabled 2 GPEs in block 00 to 07
[    0.216016] ACPI: PCI Root Bridge [PCI0] (domain 0000 [bus 00-ff])
[    0.217845] acpi PNP0A03:00: _OSC: OS supports [ASPM ClockPM Segments MSI]
[    0.220282] acpi PNP0A03:00: _OSC: not requesting OS control; OS requires [ExtendedConfig ASPM ClockPM MSI]
[    0.222131] acpi PNP0A03:00: fail to add MMCONFIG information, can't access extended PCI configuration space under this bridge.
[    0.224478] PCI host bridge to bus 0000:00
[    0.225850] pci_bus 0000:00: root bus resource [io  0x0000-0x0cf7 window]
[    0.228014] pci_bus 0000:00: root bus resource [io  0x0d00-0xffff window]
[    0.230124] pci_bus 0000:00: root bus resource [mem 0x000a0000-0x000bffff window]
[    0.232012] pci_bus 0000:00: root bus resource [mem 0x40000000-0xfdffffff window]
[    0.234446] pci_bus 0000:00: root bus resource [bus 00-ff]
[    0.240670] pci 0000:00:01.1: legacy IDE quirk: reg 0x10: [io  0x01f0-0x01f7]
[    0.242999] pci 0000:00:01.1: legacy IDE quirk: reg 0x14: [io  0x03f6]
[    0.244003] pci 0000:00:01.1: legacy IDE quirk: reg 0x18: [io  0x0170-0x0177]
[    0.245373] pci 0000:00:01.1: legacy IDE quirk: reg 0x1c: [io  0x0376]
[    0.260682] pci 0000:00:07.0: quirk: [io  0x4000-0x403f] claimed by PIIX4 ACPI
[    0.262334] pci 0000:00:07.0: quirk: [io  0x4100-0x410f] claimed by PIIX4 SMB
[    0.272372] ACPI: PCI Interrupt Link [LNKA] (IRQs 5 9 10 *11)
[    0.274336] ACPI: PCI Interrupt Link [LNKB] (IRQs 5 9 *10 11)
[    0.276188] ACPI: PCI Interrupt Link [LNKC] (IRQs 5 *9 10 11)
[    0.278171] ACPI: PCI Interrupt Link [LNKD] (IRQs 5 9 10 *11)
[    0.280415] SCSI subsystem initialized
[    0.281506] pci 0000:00:02.0: vgaarb: setting as boot VGA device
[    0.281994] pci 0000:00:02.0: vgaarb: VGA device added: decodes=io+mem,owns=io+mem,locks=none
[    0.284024] pci 0000:00:02.0: vgaarb: bridge control possible
[    0.288008] vgaarb: loaded
[    0.288949] ACPI: bus type USB registered
[    0.290319] usbcore: registered new interface driver usbfs
[    0.292020] usbcore: registered new interface driver hub
[    0.293179] usbcore: registered new device driver usb
[    0.294849] EDAC MC: Ver: 3.0.0
[    0.296384] PCI: Using ACPI for IRQ routing
[    0.297542] NetLabel: Initializing
[    0.298414] NetLabel:  domain hash size = 128
[    0.300003] NetLabel:  protocols = UNLABELED CIPSOv4 CALIPSO
[    0.301320] NetLabel:  unlabeled traffic allowed by default
[    0.302745] clocksource: Switched to clocksource kvm-clock
[    0.314321] VFS: Disk quotas dquot_6.6.0
[    0.315453] VFS: Dquot-cache hash table entries: 512 (order 0, 4096 bytes)
[    0.317188] AppArmor: AppArmor Filesystem Enabled
[    0.318482] pnp: PnP ACPI init
[    0.320990] pnp: PnP ACPI: found 3 devices
[    0.332431] clocksource: acpi_pm: mask: 0xffffff max_cycles: 0xffffff, max_idle_ns: 2085701024 ns
[    0.335270] NET: Registered protocol family 2
[    0.336773] IP idents hash table entries: 16384 (order: 5, 131072 bytes)
[    0.340298] TCP established hash table entries: 8192 (order: 4, 65536 bytes)
[    0.342214] TCP bind hash table entries: 8192 (order: 5, 131072 bytes)
[    0.343471] TCP: Hash tables configured (established 8192 bind 8192)
[    0.344693] UDP hash table entries: 512 (order: 2, 16384 bytes)
[    0.345796] UDP-Lite hash table entries: 512 (order: 2, 16384 bytes)
[    0.346987] NET: Registered protocol family 1
[    0.347825] pci 0000:00:00.0: Limiting direct PCI/PCI transfers
[    0.348993] pci 0000:00:01.0: Activating ISA DMA hang workarounds
[    0.350170] pci 0000:00:02.0: Video device with shadowed ROM at [mem 0x000c0000-0x000dffff]
[    0.351861] Unpacking initramfs...
[    0.619981] Freeing initrd memory: 19528K
[    0.621577] clocksource: tsc: mask: 0xffffffffffffffff max_cycles: 0x14109a24aaa, max_idle_ns: 440795250993 ns
[    0.624468] platform rtc_cmos: registered platform RTC device (no PNP device found)
[    0.626945] Scanning for low memory corruption every 60 seconds
[    0.629755] Initialise system trusted keyrings
[    0.631024] Key type blacklist registered
[    0.632467] workingset: timestamp_bits=36 max_order=18 bucket_order=0
[    0.635779] zbud: loaded
[    0.637409] squashfs: version 4.0 (2009/01/31) Phillip Lougher
[    0.639354] fuse init (API version 7.26)
[    0.641758] Key type asymmetric registered
[    0.642554] Asymmetric key parser 'x509' registered
[    0.643516] Block layer SCSI generic (bsg) driver version 0.4 loaded (major 246)
[    0.644977] io scheduler noop registered
[    0.645764] io scheduler deadline registered
[    0.646592] io scheduler cfq registered (default)
[    0.648020] ACPI: AC Adapter [AC] (off-line)
[    0.648968] input: Power Button as /devices/LNXSYSTM:00/LNXPWRBN:00/input/input0
[    0.650420] ACPI: Power Button [PWRF]
[    0.651200] input: Sleep Button as /devices/LNXSYSTM:00/LNXSLPBN:00/input/input1
[    0.652644] ACPI: Sleep Button [SLPF]
[    0.654593] ACPI: Battery Slot [BAT0] (battery present)
[    0.656097] Serial: 8250/16550 driver, 32 ports, IRQ sharing enabled
[    0.679362] 00:02: ttyS0 at I/O 0x3f8 (irq = 4, base_baud = 115200) is a 16550A
[    0.685231] Linux agpgart interface v0.103
[    0.690207] loop: module loaded
[    0.691779] scsi host0: ata_piix
[    0.692639] scsi host1: ata_piix
[    0.693297] ata1: PATA max UDMA/33 cmd 0x1f0 ctl 0x3f6 bmdma 0xd000 irq 14
[    0.694511] ata2: PATA max UDMA/33 cmd 0x170 ctl 0x376 bmdma 0xd008 irq 15
[    0.696037] tun: Universal TUN/TAP device driver, 1.6
[    0.697385] PPP generic driver version 2.4.2
[    0.698547] ehci_hcd: USB 2.0 'Enhanced' Host Controller (EHCI) Driver
[    0.700324] ehci-pci: EHCI PCI platform driver
[    0.701569] ehci-platform: EHCI generic platform driver
[    0.702549] ohci_hcd: USB 1.1 'Open' Host Controller (OHCI) Driver
[    0.703684] ohci-pci: OHCI PCI platform driver
[    0.704747] ohci-platform: OHCI generic platform driver
[    0.705729] uhci_hcd: USB Universal Host Controller Interface driver
[    0.706950] i8042: PNP: PS/2 Controller [PNP0303:PS2K,PNP0f03:PS2M] at 0x60,0x64 irq 1,12
[    0.708991] serio: i8042 KBD port at 0x60,0x64 irq 1
[    0.710013] serio: i8042 AUX port at 0x60,0x64 irq 12
[    0.711146] mousedev: PS/2 mouse device common for all mice
[    0.712751] input: AT Translated Set 2 keyboard as /devices/platform/i8042/serio0/input/input2
[    0.714508] rtc_cmos rtc_cmos: rtc core: registered rtc_cmos as rtc0
[    0.715726] rtc_cmos rtc_cmos: alarms up to one day, 114 bytes nvram
[    0.716968] i2c /dev entries driver
[    0.717819] device-mapper: uevent: version 1.0.3
[    0.719000] device-mapper: ioctl: 4.37.0-ioctl (2017-09-20) initialised: dm-devel@redhat.com
[    0.720670] ledtrig-cpu: registered to indicate activity on CPUs
[    0.722986] NET: Registered protocol family 10
[    0.728728] Segment Routing with IPv6
[    0.730093] NET: Registered protocol family 17
[    0.731583] Key type dns_resolver registered
[    0.733333] mce: Using 0 MCE banks
[    0.734495] RAS: Correctable Errors collector initialized.
[    0.736274] sched_clock: Marking stable (736226631, 0)->(920321270, -184094639)
[    0.739140] registered taskstats version 1
[    0.740470] Loading compiled-in X.509 certificates
[    0.743672] Loaded X.509 cert 'Build time autogenerated kernel key: 6303a3b02fa1c7713b8a75ba7ba622fabd5dd271'
[    0.746600] Loaded X.509 cert 'Canonical Ltd. Live Patch Signing: 14df34d1a87cf37625abec039ef2bf521249b969'
[    0.748909] Loaded X.509 cert 'Canonical Ltd. Kernel Module Signing: 88f752e560a1e0737e31163a466ad7b70a850c19'
[    0.750796] blacklist: Loading compiled-in revocation X.509 certificates
[    0.752029] Loaded X.509 cert 'Canonical Ltd. Secure Boot Signing: 61482aa2830d0ab2ad5af10b7250da9033ddcef0'
[    0.753928] zswap: loaded using pool lzo/zbud
[    0.757397] Key type big_key registered
[    0.758574] Key type trusted registered
[    0.760503] Key type encrypted registered
[    0.761619] AppArmor: AppArmor sha1 policy hashing enabled
[    0.762646] ima: No TPM chip found, activating TPM-bypass! (rc=-19)
[    0.763804] ima: Allocated hash algorithm: sha1
[    0.764725] evm: HMAC attrs: 0x1
[    0.765815]   Magic number: 10:660:651
[    0.766735] acpi PNP0A03:00: hash matches
[    0.767556] rtc_cmos rtc_cmos: setting system clock to 2022-10-11 21:36:36 UTC (1665524196)
[    0.769307] BIOS EDD facility v0.16 2004-Jun-25, 0 devices found
[    0.770442] EDD information not available.
[    0.918915] Freeing unused kernel image memory: 2472K
[    1.636403] Write protecting the kernel read-only data: 20480k
[    1.640514] Freeing unused kernel image memory: 2008K
[    1.642340] Freeing unused kernel image memory: 1824K
[    1.650384] x86/mm: Checked W+X mappings: passed, no W+X pages found.
[    1.652252] x86/mm: Checking user space page tables
[    1.659074] x86/mm: Checked W+X mappings: passed, no W+X pages found.
Loading, please wait...
starting version 237
[    1.724012] e1000: Intel(R) PRO/1000 Network Driver - version 7.3.21-k8-NAPI
[    1.726206] e1000: Copyright (c) 1999-2006 Intel Corporation.
[    1.731131] Fusion MPT base driver 3.04.20
[    1.732512] Copyright (c) 1999-2008 LSI Corporation
[    1.751254] AVX2 version of gcm_enc/dec engaged.
[    1.752677] AES CTR mode by8 optimization enabled
[    1.759647] Fusion MPT SPI Host driver 3.04.20
[    1.955400] input: ImExPS/2 Generic Explorer Mouse as /devices/platform/i8042/serio1/input/input4
[    2.650087] e1000 0000:00:03.0 eth0: (PCI:33MHz:32-bit) 02:8e:c5:29:b5:69
[    2.652297] e1000 0000:00:03.0 eth0: Intel(R) PRO/1000 Network Connection
[    2.655029] mptbase: ioc0: Initiating bringup
[    4.149043] ioc0: LSI53C1030 A0: Capabilities={Initiator}
[    8.641468] scsi host2: ioc0: LSI53C1030 A0, FwRev=00000000h, Ports=1, MaxQ=256, IRQ=20
[   10.883091] scsi 2:0:0:0: Direct-Access     VBOX     HARDDISK         1.0  PQ: 0 ANSI: 5
[   10.916300] scsi target2:0:0: Beginning Domain Validation
[   10.919905] scsi target2:0:0: Domain Validation skipping write tests
[   10.922331] scsi target2:0:0: Ending Domain Validation
[   10.924064] scsi target2:0:0: asynchronous
[   10.926100] scsi 2:0:1:0: Direct-Access     VBOX     HARDDISK         1.0  PQ: 0 ANSI: 5
[   11.280130] scsi target2:0:1: Beginning Domain Validation
[   11.282895] scsi target2:0:1: Domain Validation skipping write tests
[   11.284481] scsi target2:0:1: Ending Domain Validation
[   11.285870] scsi target2:0:1: asynchronous
[   11.293990] sd 2:0:0:0: Attached scsi generic sg0 type 0
[   11.296551] sd 2:0:0:0: [sda] 83886080 512-byte logical blocks: (42.9 GB/40.0 GiB)
[   11.296830] sd 2:0:1:0: [sdb] 20480 512-byte logical blocks: (10.5 MB/10.0 MiB)
[   11.303055] sd 2:0:1:0: Attached scsi generic sg1 type 0
[   11.303071] sd 2:0:0:0: [sda] Write Protect is off
[   11.305152] sd 2:0:1:0: [sdb] Write Protect is off
[   11.313020] sd 2:0:0:0: [sda] Incomplete mode parameter data
[   11.313522] sd 2:0:1:0: [sdb] Incomplete mode parameter data
[   11.322056] sd 2:0:0:0: [sda] Assuming drive cache: write through
[   11.324017] sd 2:0:1:0: [sdb] Assuming drive cache: write through
[   11.330060]  sda: sda1
[   11.330935] sd 2:0:1:0: [sdb] Attached SCSI disk
[   11.334052] sd 2:0:0:0: [sda] Attached SCSI disk
[   11.358400] e1000 0000:00:08.0 eth1: (PCI:33MHz:32-bit) 08:00:27:06:1b:98
[   11.362226] e1000 0000:00:08.0 eth1: Intel(R) PRO/1000 Network Connection
[   11.365877] e1000 0000:00:08.0 enp0s8: renamed from eth1
[   11.389637] e1000 0000:00:03.0 enp0s3: renamed from eth0
Begin: Loading essential drivers ... [   12.864524] raid6: sse2x1   gen() 11161 MB/s
[   12.912135] raid6: sse2x1   xor()  7733 MB/s
[   12.960549] raid6: sse2x2   gen() 13871 MB/s
[   13.008142] raid6: sse2x2   xor()  8803 MB/s
[   13.056138] raid6: sse2x4   gen() 15141 MB/s
[   13.104166] raid6: sse2x4   xor()  9557 MB/s
[   13.152081] raid6: avx2x1   gen() 19912 MB/s
[   13.200157] raid6: avx2x1   xor() 14963 MB/s
[   13.248474] raid6: avx2x2   gen() 26359 MB/s
[   13.296521] raid6: avx2x2   xor() 16652 MB/s
[   13.344526] raid6: avx2x4   gen() 30615 MB/s
[   13.392213] raid6: avx2x4   xor() 17899 MB/s
[   13.393111] raid6: using algorithm avx2x4 gen() 30615 MB/s
[   13.394196] raid6: .... xor() 17899 MB/s, rmw enabled
[   13.395159] raid6: using avx2x2 recovery algorithm
[   13.396998] xor: automatically using best checksumming function   avx       
[   13.399102] async_tx: api initialized (async)
done.
Begin: Running /scripts/init-premount ... done.
Begin: Mounting root file system ... Begin: Running /scripts/local-top ... done.
Begin: Running /scripts/local-premount ... [   13.444648] Btrfs loaded, crc32c=crc32c-intel
Scanning for Btrfs filesystems
done.
Warning: fsck not present, so skipping root file system
[   13.464186] EXT4-fs (sda1): mounted filesystem with ordered data mode. Opts: (null)
done.
Begin: Running /scripts/local-bottom ... done.
Begin: Running /scripts/init-bottom ... done.
[   13.569084] ip_tables: (C) 2000-2006 Netfilter Core Team
[   13.576369] systemd[1]: systemd 237 running in system mode. (+PAM +AUDIT +SELINUX +IMA +APPARMOR +SMACK +SYSVINIT +UTMP +LIBCRYPTSETUP +GCRYPT +GNUTLS +ACL +XZ +LZ4 +SECCOMP +BLKID +ELFUTILS +KMOD -IDN2 +IDN -PCRE2 default-hierarchy=hybrid)
[   13.582974] systemd[1]: Detected virtualization oracle.
[   13.584808] systemd[1]: Detected architecture x86-64.

Welcome to [1mUbuntu 18.04.6 LTS[0m!

[   13.592187] systemd[1]: Set hostname to <ubuntu>.
[   13.594946] systemd[1]: Initializing machine ID from random generator.
[   13.596186] systemd[1]: Installed transient /etc/machine-id file.
[   13.767318] systemd[1]: Reached target System Time Synchronized.
[[0;32m  OK  [0m] Reached target System Time Synchronized.
[   13.770215] systemd[1]: Set up automount Arbitrary Executable File Formats File System Automount Point.
[[0;32m  OK  [0m] Set up automount Arbitrary Executab…rmats File System Automount Point.
[   13.775012] systemd[1]: Started Forward Password Requests to Wall Directory Watch.
[[0;32m  OK  [0m] Started Forward Password Requests to Wall Directory Watch.
[   13.780672] systemd[1]: Created slice System Slice.
[[0;32m  OK  [0m] Created slice System Slice.
[[0;32m  OK  [0m] Listening on Journal Socket.
[[0;32m  OK  [0m] Listening on LVM2 poll daemon socket.
         Mounting Kernel Debug File System...
         Mounting Huge Pages File System...
         Starting Load Kernel Modules...
[[0;32m  OK  [0m] Listening on udev Control Socket.
[[0;32m  OK  [0m] Listening on udev Kernel Socket.
         Starting udev Coldplug all Devices...
         Mounting POSIX Message Queue File System...
[[0;32m  OK  [0m] Listening on /dev/initctl Compatibility Named Pipe.
[[0;32m  OK  [0m] Listening on Journal Socket (/dev/log).
         Starting Set the console keyboard layout...
[   13.830216] Loading iSCSI transport class v2.0-870.
[[0;32m  OK  [0m] Listening on Network Service Netlink Socket.
[[0;32m  OK  [0m] Listening on LVM2 metadata daemon socket.
[[0;32m  OK  [0m] Reached target Swap.
[   13.841607] iscsi: registered transport (tcp)
[[0;32m  OK  [0m] Created slice system-serial\x2dgetty.slice.
[[0;32m  OK  [0m] Listening on Device-mapper event daemon FIFOs.
         Starting Monitoring of LVM2 mirrors…ng dmeventd or progress polling...
[[0;32m  OK  [0m] Created slice User and Session Slice.
[[0;32m  OK  [0m] Reached target Slices.
         Starting Create list of required st…ce nodes for the current kernel...
[[0;32m  OK  [0m] Listening on Syslog Socket.
[[0;32m  OK  [0m] Listening on fsck to fsckd communication Socket.
         Starting File System Check on Root Device...
[[0;32m  OK  [0m] Listening on Journal Audit Socket.
         Starting Journal Service...
         Starting Uncomplicated firewall...
[[0;32m  OK  [0m] Reached target User and Group Name Lookups.
[[0;32m  OK  [0m] Mounted Kernel Debug File System.
[[0;32m  OK  [0m] Mounted Huge Pages File System.
[   13.911170] iscsi: registered transport (iser)
[[0;32m  OK  [0m] Started Load Kernel Modules.
[[0;32m  OK  [0m] Mounted POSIX Message Queue File System.
[[0;32m  OK  [0m] Started Create list of required sta…vice nodes for the current kernel.
[[0;32m  OK  [0m] Started File System Check Daemon to report status.
[[0;32m  OK  [0m] Started LVM2 metadata daemon.
         Starting Create Static Device Nodes in /dev...
         Starting Apply Kernel Variables...
         Mounting Kernel Configuration File System...
         Mounting FUSE Control File System...
[[0;32m  OK  [0m] Started Uncomplicated firewall.
[[0;32m  OK  [0m] Mounted Kernel Configuration File System.
[[0;32m  OK  [0m] Mounted FUSE Control File System.
[[0;32m  OK  [0m] Started Journal Service.
[[0;32m  OK  [0m] Started udev Coldplug all Devices.
[[0;32m  OK  [0m] Started Create Static Device Nodes in /dev.
[[0;32m  OK  [0m] Started File System Check on Root Device.
         Starting Remount Root and Kernel File Systems...
[[0;32m  OK  [0m] Started Monitoring of LVM2 mirrors,…sing dmeventd or progress polling.
[[0;32m  OK  [0m] Started Apply Kernel Variables.
[[0;32m  OK  [0m] Started Remount Root and Kernel File Systems.
         Starting udev Kernel Device Manager...
         Starting Load/Save Random Seed...
         Starting Flush Journal to Persistent Storage...
[[0;32m  OK  [0m] Started udev Kernel Device Manager.
[[0;32m  OK  [0m] Started Set the console keyboard layout.
[[0;32m  OK  [0m] Reached target Local File Systems (Pre).
[[0;32m  OK  [0m] Reached target Local File Systems.
         Starting Set console font and keymap...
         Starting AppArmor initialization...
         Starting Commit a transient machine-id on disk...
         Starting ebtables ruleset management...
         Starting Tell Plymouth To Write Out Runtime Data...
[[0;32m  OK  [0m] Started Dispatch Password Requests to Console Directory Watch.
[[0;32m  OK  [0m] Reached target Local Encrypted Volumes.
[[0;32m  OK  [0m] Started Load/Save Random Seed.
[[0;32m  OK  [0m] Started Set console font and keymap.
[[0;32m  OK  [0m] Started Tell Plymouth To Write Out Runtime Data.
[[0;32m  OK  [0m] Started Flush Journal to Persistent Storage.
[[0;32m  OK  [0m] Started Commit a transient machine-id on disk.
         Starting Create Volatile Files and Directories...
[[0;32m  OK  [0m] Started ebtables ruleset management.
[[0;32m  OK  [0m] Started Create Volatile Files and Directories.
         Starting Update UTMP about System Boot/Shutdown...
[[0;32m  OK  [0m] Started Update UTMP about System Boot/Shutdown.
[[0;32m  OK  [0m] Found device /dev/ttyS0.
[[0;32m  OK  [0m] Listening on Load/Save RF Kill Switch Status /dev/rfkill Watch.
[[0;32m  OK  [0m] Started AppArmor initialization.
         Starting Load AppArmor profiles managed internally by snapd...
         Starting Initial cloud-init job (pre-networking)...
[[0;32m  OK  [0m] Started Load AppArmor profiles managed internally by snapd.
[   15.947684] cloud-init[578]: Cloud-init v. 22.2-0ubuntu1~18.04.3 running 'init-local' at Tue, 11 Oct 2022 21:36:51 +0000. Up 15.62 seconds.
[[0;32m  OK  [0m] Started Initial cloud-init job (pre-networking).
[[0;32m  OK  [0m] Reached target Network (Pre).
         Starting Network Service...
[[0;32m  OK  [0m] Started Network Service.
         Starting Network Name Resolution...
         Starting Wait for Network to be Configured...
[[0;32m  OK  [0m] Started Network Name Resolution.
[[0;32m  OK  [0m] Reached target Network.
[[0;32m  OK  [0m] Reached target Host and Network Name Lookups.
[[0;32m  OK  [0m] Started Wait for Network to be Configured.
         Starting Initial cloud-init job (metadata service crawler)...
[   17.670234] cloud-init[657]: Cloud-init v. 22.2-0ubuntu1~18.04.3 running 'init' at Tue, 11 Oct 2022 21:36:53 +0000. Up 17.54 seconds.
[   17.672175] cloud-init[657]: ci-info: ++++++++++++++++++++++++++++++++++++++Net device info+++++++++++++++++++++++++++++++++++++++
[   17.677309] cloud-init[657]: ci-info: +--------+-------+----------------------------+---------------+--------+-------------------+
[   17.680572] cloud-init[657]: ci-info: | Device |   Up  |          Address           |      Mask     | Scope  |     Hw-Address    |
[   17.683956] cloud-init[657]: ci-info: +--------+-------+----------------------------+---------------+--------+-------------------+
[   17.687011] cloud-init[657]: ci-info: | enp0s3 |  True |         10.0.2.15          | 255.255.255.0 | global | 02:8e:c5:29:b5:69 |
[   17.689314] cloud-init[657]: ci-info: | enp0s3 |  True | fe80::8e:c5ff:fe29:b569/64 |       .       |  link  | 02:8e:c5:29:b5:69 |
[   17.690885] cloud-init[657]: ci-info: | enp0s8 | False |             .              |       .       |   .    | 08:00:27:06:1b:98 |
[   17.692784] cloud-init[657]: ci-info: |   lo   |  True |         127.0.0.1          |   255.0.0.0   |  host  |         .         |
[   17.694489] cloud-init[657]: ci-info: |   lo   |  True |          ::1/128           |       .       |  host  |         .         |
[   17.704274] cloud-init[657]: ci-info: +--------+-------+----------------------------+---------------+--------+-------------------+
[   17.705601] cloud-init[657]: ci-info: ++++++++++++++++++++++++++++Route IPv4 info+++++++++++++++++++++++++++++
[   17.716202] cloud-init[657]: ci-info: +-------+-------------+----------+-----------------+-----------+-------+
[   17.718351] cloud-init[657]: ci-info: | Route | Destination | Gateway  |     Genmask     | Interface | Flags |
[   17.719563] cloud-init[657]: ci-info: +-------+-------------+----------+-----------------+-----------+-------+
[   17.720698] cloud-init[657]: ci-info: |   0   |   0.0.0.0   | 10.0.2.2 |     0.0.0.0     |   enp0s3  |   UG  |
[   17.722326] cloud-init[657]: ci-info: |   1   |   10.0.2.0  | 0.0.0.0  |  255.255.255.0  |   enp0s3  |   U   |
[   17.725175] cloud-init[657]: ci-info: |   2   |   10.0.2.2  | 0.0.0.0  | 255.255.255.255 |   enp0s3  |   UH  |
[   17.728349] cloud-init[657]: ci-info: +-------+-------------+----------+-----------------+-----------+-------+
[   17.732684] cloud-init[657]: ci-info: +++++++++++++++++++Route IPv6 info+++++++++++++++++++
[   17.735062] cloud-init[657]: ci-info: +-------+-------------+---------+-----------+-------+
[   17.738505] cloud-init[657]: ci-info: | Route | Destination | Gateway | Interface | Flags |
[   17.739531] cloud-init[657]: ci-info: +-------+-------------+---------+-----------+-------+
[   17.741534] cloud-init[657]: ci-info: |   1   |  fe80::/64  |    ::   |   enp0s3  |   U   |
[   17.742595] cloud-init[657]: ci-info: |   3   |    local    |    ::   |   enp0s3  |   U   |
[   17.743734] cloud-init[657]: ci-info: |   4   |   ff00::/8  |    ::   |   enp0s3  |   U   |
[   17.760257] cloud-init[657]: ci-info: +-------+-------------+---------+-----------+-------+
[   18.443892] cloud-init[657]: Generating public/private rsa key pair.
[   18.456337] cloud-init[657]: Your identification has been saved in /etc/ssh/ssh_host_rsa_key.
[   18.457805] cloud-init[657]: Your public key has been saved in /etc/ssh/ssh_host_rsa_key.pub.
[   18.459514] cloud-init[657]: The key fingerprint is:
[   18.460515] cloud-init[657]: SHA256:HZxSMuqKt2Hns0sxb7ruHgpp4Iv81md2BzG4E7FFxsA root@ubuntu-bionic
[   18.464299] cloud-init[657]: The key's randomart image is:
[   18.465681] cloud-init[657]: +---[RSA 2048]----+
[   18.466706] cloud-init[657]: |      ..*o.      |
[   18.467669] cloud-init[657]: |       E.B .     |
[   18.468677] cloud-init[657]: |      . * +      |
[   18.469863] cloud-init[657]: |     . + = .     |
[   18.470958] cloud-init[657]: |.     + S +      |
[   18.471996] cloud-init[657]: |.. o . * .       |
[   18.473316] cloud-init[657]: | .= * + + .      |
[   18.484320] cloud-init[657]: |o..= O.B . .     |
[   18.496355] cloud-init[657]: |.oo.o+&=. .      |
[   18.497453] cloud-init[657]: +----[SHA256]-----+
[   18.498265] cloud-init[657]: Generating public/private dsa key pair.
[   18.499758] cloud-init[657]: Your identification has been saved in /etc/ssh/ssh_host_dsa_key.
[   18.501359] cloud-init[657]: Your public key has been saved in /etc/ssh/ssh_host_dsa_key.pub.
[   18.502759] cloud-init[657]: The key fingerprint is:
[   18.503552] cloud-init[657]: SHA256:v++C6DKw5AHi6LAqP381bmOLLfqVYYtQjD3U9zWrr+o root@ubuntu-bionic
[   18.504898] cloud-init[657]: The key's randomart image is:
[   18.506164] cloud-init[657]: +---[DSA 1024]----+
[   18.516366] cloud-init[657]: |      ..         |
[   18.516936] cloud-init[657]: |     =  . .   o  |
[   18.528355] cloud-init[657]: |    . =  . . . o |
[   18.528983] cloud-init[657]: |o    . .    . .  |
[   18.530196] cloud-init[657]: |+.  .   S    .   |
[   18.531366] cloud-init[657]: |o.+  . oo=  .    |
[[0;32m  OK  [0m] Started Initial cloud-init job (metadata service crawler).
[   18.545281] cloud-init[657]: |o+ +  .++o.  .   |
[   18.556471] cloud-init[657]: |o.+ o ++* ..  .  |
[[0;32m  OK  [0m] Reached target Cloud-config availability.
[[0;32m  OK  [0m] Reached target Network is Online.
[   18.559326] cloud-init[657]: |+..ooB++o+E=+.   |
[   18.562729] cloud-init[657]: +----[SHA256]-----+
         Starting Availability of block devices...
[[0;32m  OK  [0m] Reached target Remote File Systems (Pre).
[[0;32m  OK  [0m] Reached target Remote File Systems.
[[0;32m  OK  [0m] Reached target System Initialization.
[[0;32m  OK  [0m] Started Ubuntu Advantage Timer for running repeated jobs.
[   18.571840] [[0;32m  OK  [0m] Listening on cloud-init hotplug hook socket.
[[0;32m  OK  [0m] Listening on D-Bus System Message Bus Socket.
[[0;32m  OK  [0m] Listening on ACPID Listen Socket.
cloud-init[657]: Generating public/private ecdsa key pair.
[[0;32m  OK  [0m] Started Daily Cleanup of Temporary Directories.
[[0;32m  OK  [0m] Started Message of the Day.
[   18.602596] [[0;32m  OK  [0m] Started Daily apt download activities.
[[0;32m  OK  [0m] Started Daily apt upgrade and clean activities.
cloud-init[657]: Your identification has been saved in /etc/ssh/ssh_host_ecdsa_key.
[[0;32m  OK  [0m] Started ACPI Events Check.
[[0;32m  OK  [0m] Reached target Paths.
[[0;32m  OK  [0m] Listening on UUID daemon activation socket.
         Starting Socket activation for snappy daemon.
[   18.609099]          Starting LXD - unix socket.
[[0;32m  OK  [0m] Started Discard unused blocks once a week.
[[0;32m  OK  [0m] Reached target Timers.
[[0;32m  OK  [0m] Listening on Open-iSCSI iscsid Socket.
[[0;32m  OK  [0m] Started Availability of block devices.
[[0;32m  OK  [0m] Listening on Socket activation for snappy daemon.
cloud-init[657]: Your public key has been saved in /etc/ssh/ssh_host_ecdsa_key.pub.
[   18.616645] cloud-init[657]: The key fingerprint is:
[   18.617458] cloud-init[657]: SHA256:vh25YILH+4deEbKz3aQ2+O6ewsmdWaFlyX0JO83fY7s root@ubuntu-bionic
[   18.619193] cloud-init[657]: The key's randomart image is:
[   18.620467] cloud-init[657]: +---[ECDSA 256]---+
[[0;32m  OK  [0m] Listening on LXD - unix socket.
[[0;32m  OK  [0m] Reached target Sockets.
[[0;32m  OK  [0m] Reached target Basic System.
         Starting Virtualbox guest utils...
[   18.623705] cloud-init[657]: |                 |
[   18.630756] cloud-init[657]: |             .   |
         Starting Pollinate to seed the pseudo random number generator...
[[0;32m  OK  [0m] Started D-Bus System Message Bus.
[   18.637383] cloud-init[657]: |        . .. o= .|
         Starting LSB: automatic crash report generation...
[   18.686834] cloud-init[657]: |         o .*o.+.|
[   18.689069] cloud-init[657]: |        S .+....o|
[   18.690072] cloud-init[657]: |     o . =.*.  oo|
         Starting LSB: Record successful boot for GRUB...
[   18.701229] cloud-init[657]: |    . +o*+O+. . o|
[   18.705221] cloud-init[657]: |     . +*B==   . |
[   18.706400] cloud-init[657]: |      .o+*O    E.|
[   18.707186] cloud-init[657]: +----[SHA256]-----+
[   18.708142] cloud-init[657]: Generating public/private ed25519 key pair.
         Starting Dispatcher daemon for systemd-networkd...
         Starting Accounts Service...
[   18.726343] cloud-init[657]: Your identification has been saved in /etc/ssh/ssh_host_ed25519_key.
[   18.734563] cloud-init[657]: Your public key has been saved in /etc/ssh/ssh_host_ed25519_key.pub.
[   18.736844] cloud-init[657]: The key fingerprint is:
[[   18.752246] cloud-init[657]: SHA256:G5b8XKHafscCe8x4OO1tZw+VcTbvgJpBLmeiuY2BTGw root@ubuntu-bionic
[   18.752378] [0;32m  OK  [0mcloud-init] [657]: Started Regular background program processing daemon.The key's randomart image is:

[   18.752532] cloud-init[657]: +--[ED25519 256]--+
[   18.757215] cloud-init[657]: |                 |
[   18.758115] cloud-init[657]: |                 |
[   18.759447] cloud-init[657]: |          . .  oo|
[   18.760583] cloud-init[657]: |   .   . + . o .*|
[   18.761632] cloud-init[657]: |    E   S * o ..o|
[   18.762480] cloud-init[657]: |   + . + %.=   + |
[   18.763327] cloud-init[657]: |    o + o *O .. .|
[   18.776700] cloud-init[657]: |       = .= O.+.o|
[[0;32m  OK  [0m] Started irqbalance daemon.
[   18.793306] cloud-init[657]: |      o . .*.+.oo|
[[   18.804177] cloud-init[657]: +----[SHA256]-----+
[0;32m  OK  [0m] Started Deferred execution scheduler.
[[0;32m  OK  [0m] Started FUSE filesystem for LXC.
         Starting Snap Daemon...
         Starting System Logging Service...
         Starting Permit User Sessions...
         Starting Login Service...
         Starting LXD - container startup/shutdown...
[[0;32m  OK  [0m] Started System Logging Service.
[[0;32m  OK  [0m] Started Permit User Sessions.
[[0;32m  OK  [0m] Started LXD - container startup/shutdown.
[[0;32m  OK  [0m] Started Login Service.
[[0;32m  OK  [0m] Started Unattended Upgrades Shutdown.
         Starting Authorization Manager...
         Starting Terminate Plymouth Boot Screen...
         Starting Hold until boot process finishes up...
[[0;32m  OK  [0m] Started Hold until boot process finishes up.
         Starting Set console scheme...
[[0;32m  OK  [0m] Started Serial Getty on ttyS0.
[[0;32m  OK  [0m] Started LSB: automatic crash report generation.
[[0;32m  OK  [0m] Started Terminate Plymouth Boot Screen.
[[0;32m  OK  [0m] Started Authorization Manager.
[[0;32m  OK  [0m] Started Set console scheme.
[[0;32m  OK  [0m] Started Accounts Service.
[[0;32m  OK  [0m] Created slice system-getty.slice.
[[0;32m  OK  [0m] Started Getty on tty1.
[[0;32m  OK  [0m] Reached target Login Prompts.
[[0;32m  OK  [0m] Started LSB: Record successful boot for GRUB.
[[0;32m  OK  [0m] Started Dispatcher daemon for systemd-networkd.
[[0;32m  OK  [0m] Started Virtualbox guest utils.
[[0;32m  OK  [0m] Started Snap Daemon.
         Starting Wait until snapd is fully seeded...
         Starting Time & Date Service...
[[0;32m  OK  [0m] Started Time & Date Service.
[[0;32m  OK  [0m] Started Wait until snapd is fully seeded.
         Starting Apply the settings specified in cloud-config...
[[0;32m  OK  [0m] Started Pollinate to seed the pseudo random number generator.
         Starting OpenBSD Secure Shell server...
[[0;32m  OK  [0m] Started OpenBSD Secure Shell server.
[[0;32m  OK  [0m] Created slice User Slice of vagrant.
         Starting User Manager for UID 1000...
[[0;32m  OK  [0m] Started Session 1 of user vagrant.
[[0;32m  OK  [0m] Started User Manager for UID 1000.
[   20.963995] cloud-init[1101]: Cloud-init v. 22.2-0ubuntu1~18.04.3 running 'modules:config' at Tue, 11 Oct 2022 21:36:56 +0000. Up 20.47 seconds.
[[0;32m  OK  [0m] Started Apply the settings specified in cloud-config.
[[0;32m  OK  [0m] Reached target Multi-User System.
[[0;32m  OK  [0m] Reached target Graphical Interface.
         Starting Update UTMP about System Runlevel Changes...
         Starting Execute cloud user/final scripts...
[[0;32m  OK  [0m] Started Update UTMP about System Runlevel Changes.
ci-info: no authorized SSH keys fingerprints found for user ubuntu.
<14>Oct 11 21:36:57 cloud-init: #############################################################
<14>Oct 11 21:36:57 cloud-init: -----BEGIN SSH HOST KEY FINGERPRINTS-----
<14>Oct 11 21:36:57 cloud-init: 1024 SHA256:v++C6DKw5AHi6LAqP381bmOLLfqVYYtQjD3U9zWrr+o root@ubuntu-bionic (DSA)
<14>Oct 11 21:36:57 cloud-init: 256 SHA256:vh25YILH+4deEbKz3aQ2+O6ewsmdWaFlyX0JO83fY7s root@ubuntu-bionic (ECDSA)
<14>Oct 11 21:36:57 cloud-init: 256 SHA256:G5b8XKHafscCe8x4OO1tZw+VcTbvgJpBLmeiuY2BTGw root@ubuntu-bionic (ED25519)
<14>Oct 11 21:36:57 cloud-init: 2048 SHA256:HZxSMuqKt2Hns0sxb7ruHgpp4Iv81md2BzG4E7FFxsA root@ubuntu-bionic (RSA)
<14>Oct 11 21:36:57 cloud-init: -----END SSH HOST KEY FINGERPRINTS-----
<14>Oct 11 21:36:57 cloud-init: #############################################################
-----BEGIN SSH HOST KEY KEYS-----
ecdsa-sha2-nistp256 AAAAE2VjZHNhLXNoYTItbmlzdHAyNTYAAAAIbmlzdHAyNTYAAABBBGSlGvwkI8MskJQCY9K4ihiqpaG1ETDwvbuDy6zk4qcpAW+mq/cdBmUlxqEjMYDdrQztgwECo6hE6jjzczSXuQI= root@ubuntu-bionic
ssh-ed25519 AAAAC3NzaC1lZDI1NTE5AAAAIIZYiBF1f4TBhDiK/cxbpOlChh4oq2T9DQpyQIQG0YN1 root@ubuntu-bionic
ssh-rsa AAAAB3NzaC1yc2EAAAADAQABAAABAQCyfgZF2e/Rscz4pdJC45X3xzUTsqWj2rgDIv5DHkfvFb+kPHzVn5m+nSzug3SsgGxMngkqMtN/y+PLhzWiLS4ZXl+mWN9WRVzAmtdqvpIBKuPvnsNChJPvxoxLSYRoCOZeL+9FnnLQ9MQQsi9nGmGJojfOjoyba3IdXkOgd+pEgEMa9iqLhM1MNwOXtYV+htEbMP3lo+LKbtBO3wbIZnr9q/jMXzLQLGiAWr8xc7ZuQ9Ox4k/8Zta/Vjh5QMzdqRRZn+bcJcLdN7g8lzEYtmhGyB0AWzZfWZ8aY2gPfXT8He4KqN2OCJgaaeYD+9gNS5ZnzXFTpI9oqa9wC0NGx2Kx root@ubuntu-bionic
-----END SSH HOST KEY KEYS-----
[   21.703425] cloud-init[1236]: Cloud-init v. 22.2-0ubuntu1~18.04.3 running 'modules:final' at Tue, 11 Oct 2022 21:36:57 +0000. Up 21.45 seconds.
[   21.705886] cloud-init[1236]: Cloud-init v. 22.2-0ubuntu1~18.04.3 finished at Tue, 11 Oct 2022 21:36:57 +0000. Datasource DataSourceNoCloud [seed=/dev/sdb][dsmode=net].  Up 21.68 seconds
[[0;32m  OK  [0m] Started Execute cloud user/final scripts.
[[0;32m  OK  [0m] Reached target Cloud-init target.

Ubuntu 18.04.6 LTS ubuntu-bionic ttyS0

ubuntu-bionic login: 